<?xml version="1.0" encoding="UTF-8"?>
<!-- Generated by org.testng.reporters.JUnitXMLReporter -->
<testsuite ignored="0" hostname="DA16010732" failures="0" tests="4" name="Test" time="0.093" errors="0" timestamp="17 Dec 2019 09:29:57 GMT">
  <testcase classname="qaclickacademy.SeleniumTest" name="browserAutomation" time="0.019"/>
  <testcase classname="qaclickacademy.SeleniumTest" name="elementsUI" time="0.001"/>
  <testcase classname="qaclickacademy.RestAPITest" name="deleteTwitter" time="0.001"/>
  <testcase classname="qaclickacademy.RestAPITest" name="postJira" time="0.0"/>
</testsuite> <!-- Test -->
