<?xml version="1.0" encoding="UTF-8"?>
<testng-results ignored="0" total="4" passed="4" failed="0" skipped="0">
  <reporter-output>
  </reporter-output>
  <suite started-at="2019-12-17T09:29:56Z" name="Suite" finished-at="2019-12-17T09:29:57Z" duration-ms="93">
    <groups>
    </groups>
    <test started-at="2019-12-17T09:29:56Z" name="Test" finished-at="2019-12-17T09:29:57Z" duration-ms="93">
      <class name="qaclickacademy.RestAPITest">
        <test-method signature="deleteTwitter()[pri:0, instance:qaclickacademy.RestAPITest@4116aac9]" started-at="2019-12-17T14:59:56Z" name="deleteTwitter" finished-at="2019-12-17T14:59:56Z" duration-ms="1" status="PASS">
          <reporter-output>
          </reporter-output>
        </test-method> <!-- deleteTwitter -->
        <test-method signature="postJira()[pri:0, instance:qaclickacademy.RestAPITest@4116aac9]" started-at="2019-12-17T14:59:57Z" name="postJira" finished-at="2019-12-17T14:59:57Z" duration-ms="0" status="PASS">
          <reporter-output>
          </reporter-output>
        </test-method> <!-- postJira -->
      </class> <!-- qaclickacademy.RestAPITest -->
      <class name="qaclickacademy.SeleniumTest">
        <test-method signature="browserAutomation()[pri:0, instance:qaclickacademy.SeleniumTest@3b0090a4]" started-at="2019-12-17T14:59:56Z" name="browserAutomation" finished-at="2019-12-17T14:59:56Z" duration-ms="19" status="PASS">
          <reporter-output>
          </reporter-output>
        </test-method> <!-- browserAutomation -->
        <test-method signature="elementsUI()[pri:0, instance:qaclickacademy.SeleniumTest@3b0090a4]" started-at="2019-12-17T14:59:56Z" name="elementsUI" finished-at="2019-12-17T14:59:56Z" duration-ms="1" status="PASS">
          <reporter-output>
          </reporter-output>
        </test-method> <!-- elementsUI -->
      </class> <!-- qaclickacademy.SeleniumTest -->
    </test> <!-- Test -->
  </suite> <!-- Suite -->
</testng-results>
